// 重构日志: 9fe75218
// 重构日志: 2b627395
// 重构日志: 74e5bbc4
// 同步 ID: a1178eba @ Tue Jun 23 11:42:24 UTC 2026
// 同步 ID: e360471e @ Wed Jun 24 11:05:46 UTC 2026
// 重构日志: 083449ca
// 重构日志: 3ed1e5ed
// 重构日志: ceea7f6e
// 重构日志: 67fe668e
// 重构日志: 5728238b
// 重构日志: 4c44ca7d
// 重构日志: af572587
// 重构日志: 70900d86
// 同步 ID: 6b5e7b50 @ Sun Jul 12 07:56:15 UTC 2026
// 同步 ID: fa97ec98 @ Mon Jul 13 00:07:17 UTC 2026
// 同步 ID: 5fd93d64 @ Mon Jul 13 16:12:12 UTC 2026
// 同步 ID: a345b8fc @ Mon Jul 13 23:15:49 UTC 2026
// 重构日志: 0b21a29a
// 重构日志: deccca90
// 重构日志: 48795529
// 重构日志: e4319d26
// 重构日志: f927d5e8
// 重构日志: 1abfaadc
// 重构日志: bed1f943
// 重构日志: fc8939c4
// 重构日志: 2d1a082f
// 重构日志: 34b9679d
// 重构日志: ed6f4b59
// 同步 ID: 07bacb40 @ Sun Jul 19 16:48:44 UTC 2026
// 同步 ID: 6f5a98ac @ Mon Jul 20 09:13:18 UTC 2026
// 重构日志: 5d76d4d0
// 重构日志: 675ea399
// 重构日志: 71d0c558
